<testng-results>
  <reporter-output>
  </reporter-output>
  <suite name="Command line suite">
    <groups>
    </groups>
    <test name="Command line test">
      <class name="easyMock.TestEasyMockSample">
        <test-method status="PASS" signature="setupMock()" name="setupMock" is-config="true" duration-ms="0" started-at="2008-12-24T15:15:16Z" finished-at="2008-12-24T15:15:16Z">
        </test-method>
        <test-method status="PASS" signature="callGet()" name="callGet" duration-ms="0" started-at="2008-12-24T15:15:16Z" finished-at="2008-12-24T15:15:16Z">
        </test-method>
        <test-method status="PASS" signature="setupMock()" name="setupMock" is-config="true" duration-ms="32" started-at="2008-12-24T15:15:16Z" finished-at="2008-12-24T15:15:16Z">
        </test-method>
        <test-method status="PASS" signature="callEcho()" name="callEcho" duration-ms="15" started-at="2008-12-24T15:15:16Z" finished-at="2008-12-24T15:15:16Z">
        </test-method>
      </class>
    </test>
  </suite>
</testng-results>
